2022-04-18 14:53:21.928 [main] INFO  Mini_Calc - [SQ ROOT] - 987.0
2022-04-18 14:53:21.933 [main] INFO  Mini_Calc - [RESULT - SQ ROOT] - 31.416556144810016
2022-04-18 14:54:22.307 [main] INFO  Mini_Calc - [NATURAL LOG] - 13.0
2022-04-18 14:54:22.312 [main] INFO  Mini_Calc - [RESULT - NATURAL LOG] - 2.5649493574615367
2022-04-18 14:54:29.656 [main] INFO  Mini_Calc - [POWER - 10.0 RAISED TO] 2.0
2022-04-18 14:54:29.656 [main] INFO  Mini_Calc - [RESULT - POWER] - 100.0
2022-04-18 14:54:37.138 [main] INFO  Mini_Calc - [SQ ROOT] - 145.0
2022-04-18 14:54:37.141 [main] INFO  Mini_Calc - [RESULT - SQ ROOT] - 12.041594578792296
2022-04-18 14:54:42.390 [main] INFO  Mini_Calc - [FACTORIAL] - 5.0
2022-04-18 14:54:42.392 [main] INFO  Mini_Calc - [RESULT - FACTORIAL] - 120.0
2022-04-18 14:56:30.671 [main] INFO  Mini_Calc - [SQ ROOT] - 234.0
2022-04-18 14:56:30.678 [main] INFO  Mini_Calc - [RESULT - SQ ROOT] - 15.297058540778355
2022-04-18 14:56:39.145 [main] INFO  Mini_Calc - [NATURAL LOG] - 3244.0
2022-04-18 14:56:39.146 [main] INFO  Mini_Calc - [RESULT - NATURAL LOG] - 8.084562415235304
2022-04-18 14:56:45.045 [main] INFO  Mini_Calc - [FACTORIAL] - 12.0
2022-04-18 14:56:45.046 [main] INFO  Mini_Calc - [RESULT - FACTORIAL] - 4.790016E8
2022-04-18 14:56:53.674 [main] INFO  Mini_Calc - [NATURAL LOG] - 32453.0
2022-04-18 14:56:53.676 [main] INFO  Mini_Calc - [RESULT - NATURAL LOG] - 10.387548167781963
2022-04-18 14:57:03.762 [main] INFO  Mini_Calc - [SQ ROOT] - 345.0
2022-04-18 14:57:03.763 [main] INFO  Mini_Calc - [RESULT - SQ ROOT] - 18.57417562100671
2022-04-18 14:57:06.716 [main] INFO  Mini_Calc - [SQ ROOT] - 353.0
2022-04-18 14:57:06.717 [main] INFO  Mini_Calc - [RESULT - SQ ROOT] - 18.788294228055936
2022-04-18 14:57:10.696 [main] INFO  Mini_Calc - [SQ ROOT] - 53.0
2022-04-18 14:57:10.698 [main] INFO  Mini_Calc - [RESULT - SQ ROOT] - 7.280109889280518
2022-04-18 14:57:15.901 [main] INFO  Mini_Calc - [FACTORIAL] - 346.0
2022-04-18 14:57:15.902 [main] INFO  Mini_Calc - [RESULT - FACTORIAL] - Infinity
2022-04-18 14:57:18.165 [main] INFO  Mini_Calc - [FACTORIAL] - 34.0
2022-04-18 14:57:18.167 [main] INFO  Mini_Calc - [RESULT - FACTORIAL] - 2.9523279903960412E38
2022-04-18 14:57:22.251 [main] INFO  Mini_Calc - [FACTORIAL] - 35543.0
2022-04-18 14:57:22.261 [main] INFO  Mini_Calc - [RESULT - FACTORIAL] - Infinity
2022-04-18 14:57:25.578 [main] INFO  Mini_Calc - [FACTORIAL] - 3463.0
2022-04-18 14:57:25.579 [main] INFO  Mini_Calc - [RESULT - FACTORIAL] - Infinity
2022-04-18 14:57:37.788 [main] INFO  Mini_Calc - [FACTORIAL] - 364664.0
2022-04-18 14:57:37.813 [main] INFO  Mini_Calc - [RESULT - FACTORIAL] - Infinity
